<?xml version="1.0" encoding="UTF-8"?>
<testng-results skipped="1" failed="1" total="5" passed="3">
  <reporter-output>
  </reporter-output>
  <suite name="Command line suite" duration-ms="131047" started-at="2014-10-28T18:09:30Z" finished-at="2014-10-28T18:11:41Z">
    <groups>
    </groups>
    <test name="Command line test" duration-ms="131047" started-at="2014-10-28T18:09:30Z" finished-at="2014-10-28T18:11:41Z">
      <class name="scenarios.IOSTest">
        <test-method status="FAIL" signature="setUp()" name="setUp" is-config="true" duration-ms="0" started-at="2014-10-28T18:11:41Z" finished-at="2014-10-28T18:11:41Z">
          <exception class="org.openqa.selenium.SessionNotCreatedException">
            <message>
              <![CDATA[A new session could not be created. (Original error: Bad app: /Users/nishant/Development/AppiumDemo/apps/UICatalog6.1.app.zip. App paths need to be absolute, or relative to the appium server install dir, or a URL to compressed file, or a special app name. cause: Error: ENOENT, stat '/Users/nishant/Development/AppiumDemo/apps/UICatalog6.1.app.zip') (WARNING: The server did not provide any stacktrace information)
Command duration or timeout: 10 milliseconds
Build info: version: '2.43.0', revision: 'accb3003b9fb8f7cae30f9669b4c594a065396a6', time: '2014-09-09 22:22:51'
System info: host: 'Nishants-MacBook-Pro.local', ip: '192.168.1.8', os.name: 'Mac OS X', os.arch: 'x86_64', os.version: '10.10', java.version: '1.6.0_65'
Driver info: org.openqa.selenium.remote.RemoteWebDriver]]>
            </message>
            <full-stacktrace>
              <![CDATA[org.openqa.selenium.SessionNotCreatedException: A new session could not be created. (Original error: Bad app: /Users/nishant/Development/AppiumDemo/apps/UICatalog6.1.app.zip. App paths need to be absolute, or relative to the appium server install dir, or a URL to compressed file, or a special app name. cause: Error: ENOENT, stat '/Users/nishant/Development/AppiumDemo/apps/UICatalog6.1.app.zip') (WARNING: The server did not provide any stacktrace information)
Command duration or timeout: 10 milliseconds
Build info: version: '2.43.0', revision: 'accb3003b9fb8f7cae30f9669b4c594a065396a6', time: '2014-09-09 22:22:51'
System info: host: 'Nishants-MacBook-Pro.local', ip: '192.168.1.8', os.name: 'Mac OS X', os.arch: 'x86_64', os.version: '10.10', java.version: '1.6.0_65'
Driver info: org.openqa.selenium.remote.RemoteWebDriver
	at sun.reflect.NativeConstructorAccessorImpl.newInstance0(Native Method)
	at sun.reflect.NativeConstructorAccessorImpl.newInstance(NativeConstructorAccessorImpl.java:39)
	at sun.reflect.DelegatingConstructorAccessorImpl.newInstance(DelegatingConstructorAccessorImpl.java:27)
	at java.lang.reflect.Constructor.newInstance(Constructor.java:513)
	at org.openqa.selenium.remote.ErrorHandler.createThrowable(ErrorHandler.java:204)
	at org.openqa.selenium.remote.ErrorHandler.throwIfResponseFailed(ErrorHandler.java:156)
	at org.openqa.selenium.remote.RemoteWebDriver.execute(RemoteWebDriver.java:599)
	at org.openqa.selenium.remote.RemoteWebDriver.startSession(RemoteWebDriver.java:240)
	at org.openqa.selenium.remote.RemoteWebDriver.<init>(RemoteWebDriver.java:126)
	at org.openqa.selenium.remote.RemoteWebDriver.<init>(RemoteWebDriver.java:153)
	at scenarios.IOSTest.setUp(IOSTest.java:36)
	at sun.reflect.NativeMethodAccessorImpl.invoke0(Native Method)
	at sun.reflect.NativeMethodAccessorImpl.invoke(NativeMethodAccessorImpl.java:39)
	at sun.reflect.DelegatingMethodAccessorImpl.invoke(DelegatingMethodAccessorImpl.java:25)
	at java.lang.reflect.Method.invoke(Method.java:597)
	at org.testng.internal.MethodInvocationHelper.invokeMethod(MethodInvocationHelper.java:80)
	at org.testng.internal.Invoker.invokeConfigurationMethod(Invoker.java:525)
	at org.testng.internal.Invoker.invokeConfigurations(Invoker.java:202)
	at org.testng.internal.Invoker.invokeMethod(Invoker.java:613)
	at org.testng.internal.Invoker.invokeTestMethod(Invoker.java:842)
	at org.testng.internal.Invoker.invokeTestMethods(Invoker.java:1166)
	at org.testng.internal.TestMethodWorker.invokeTestMethods(TestMethodWorker.java:125)
	at org.testng.internal.TestMethodWorker.run(TestMethodWorker.java:109)
	at org.testng.TestRunner.runWorkers(TestRunner.java:1178)
	at org.testng.TestRunner.privateRun(TestRunner.java:757)
	at org.testng.TestRunner.run(TestRunner.java:608)
	at org.testng.SuiteRunner.runTest(SuiteRunner.java:334)
	at org.testng.SuiteRunner.runSequentially(SuiteRunner.java:329)
	at org.testng.SuiteRunner.privateRun(SuiteRunner.java:291)
	at org.testng.SuiteRunner.run(SuiteRunner.java:240)
	at org.testng.SuiteRunnerWorker.runSuite(SuiteRunnerWorker.java:52)
	at org.testng.SuiteRunnerWorker.run(SuiteRunnerWorker.java:86)
	at org.testng.TestNG.runSuitesSequentially(TestNG.java:1158)
	at org.testng.TestNG.runSuitesLocally(TestNG.java:1083)
	at org.testng.TestNG.run(TestNG.java:999)
	at org.apache.maven.surefire.testng.TestNGExecutor.run(TestNGExecutor.java:77)
	at org.apache.maven.surefire.testng.TestNGDirectoryTestSuite.executeMulti(TestNGDirectoryTestSuite.java:159)
	at org.apache.maven.surefire.testng.TestNGDirectoryTestSuite.execute(TestNGDirectoryTestSuite.java:99)
	at org.apache.maven.surefire.testng.TestNGProvider.invoke(TestNGProvider.java:106)
	at sun.reflect.NativeMethodAccessorImpl.invoke0(Native Method)
	at sun.reflect.NativeMethodAccessorImpl.invoke(NativeMethodAccessorImpl.java:39)
	at sun.reflect.DelegatingMethodAccessorImpl.invoke(DelegatingMethodAccessorImpl.java:25)
	at java.lang.reflect.Method.invoke(Method.java:597)
	at org.apache.maven.surefire.util.ReflectionUtils.invokeMethodWithArray(ReflectionUtils.java:189)
	at org.apache.maven.surefire.booter.ProviderFactory$ProviderProxy.invoke(ProviderFactory.java:165)
	at org.apache.maven.surefire.booter.ProviderFactory.invokeProvider(ProviderFactory.java:85)
	at org.apache.maven.surefire.booter.ForkedBooter.runSuitesInProcess(ForkedBooter.java:115)
	at org.apache.maven.surefire.booter.ForkedBooter.main(ForkedBooter.java:75)
]]>
            </full-stacktrace>
          </exception>
        </test-method>
        <test-method status="SKIP" signature="testSearchWorkflow()" name="testSearchWorkflow" duration-ms="0" started-at="2014-10-28T18:11:41Z" finished-at="2014-10-28T18:11:41Z">
        </test-method>
        <test-method status="SKIP" signature="tearDown()" name="tearDown" is-config="true" duration-ms="0" started-at="2014-10-28T18:11:41Z" finished-at="2014-10-28T18:11:41Z">
        </test-method>
      </class>
      <class name="scenarios.AppiumTest">
        <test-method status="PASS" signature="setUp()" name="setUp" is-config="true" duration-ms="26431" started-at="2014-10-28T18:09:30Z" finished-at="2014-10-28T18:09:56Z">
        </test-method>
        <test-method status="PASS" signature="falseLoginTest()" name="falseLoginTest" duration-ms="15427" started-at="2014-10-28T18:09:56Z" finished-at="2014-10-28T18:10:11Z">
        </test-method>
        <test-method status="PASS" signature="tearDown()" name="tearDown" is-config="true" duration-ms="962" started-at="2014-10-28T18:10:11Z" finished-at="2014-10-28T18:10:12Z">
        </test-method>
        <test-method status="PASS" signature="setUp()" name="setUp" is-config="true" duration-ms="15286" started-at="2014-10-28T18:10:12Z" finished-at="2014-10-28T18:10:28Z">
        </test-method>
        <test-method status="PASS" signature="testProductSearch()" name="testProductSearch" duration-ms="20996" started-at="2014-10-28T18:10:28Z" finished-at="2014-10-28T18:10:49Z">
        </test-method>
        <test-method status="PASS" signature="tearDown()" name="tearDown" is-config="true" duration-ms="948" started-at="2014-10-28T18:10:49Z" finished-at="2014-10-28T18:10:50Z">
        </test-method>
        <test-method status="PASS" signature="setUp()" name="setUp" is-config="true" duration-ms="9804" started-at="2014-10-28T18:10:50Z" finished-at="2014-10-28T18:10:59Z">
        </test-method>
        <test-method status="FAIL" signature="testScrollUponHomePageAndTapAction()" name="testScrollUponHomePageAndTapAction" duration-ms="6555" started-at="2014-10-28T18:10:59Z" finished-at="2014-10-28T18:11:06Z">
          <exception class="org.openqa.selenium.NoSuchElementException">
            <message>
              <![CDATA[An element could not be located on the page using the given search parameters. (WARNING: The server did not provide any stacktrace information)
Command duration or timeout: 286 milliseconds
For documentation on this error, please visit: http://seleniumhq.org/exceptions/no_such_element.html
Build info: version: '2.43.0', revision: 'accb3003b9fb8f7cae30f9669b4c594a065396a6', time: '2014-09-09 22:22:51'
System info: host: 'Nishants-MacBook-Pro.local', ip: '192.168.1.8', os.name: 'Mac OS X', os.arch: 'x86_64', os.version: '10.10', java.version: '1.6.0_65'
Session ID: 7954892a-4a69-4b5b-bb4b-63534f395e37
Driver info: org.openqa.selenium.remote.RemoteWebDriver
Capabilities [{platform=LINUX, app=/Users/nishant/Development/AppiumDemo/apps/Flipkart.3.0.apk, javascriptEnabled=true, browserName=Android, networkConnectionEnabled=true, desired={app=/Users/nishant/Development/AppiumDemo/apps/Flipkart.3.0.apk, deviceName=Android, platformName=Android, device=Android}, locationContextEnabled=false, platformVersion=4.1, databaseEnabled=false, platformName=Android, deviceName=Android, webStorageEnabled=false, device=Android, warnings={}, takesScreenshot=true}]]]>
            </message>
            <full-stacktrace>
              <![CDATA[org.openqa.selenium.NoSuchElementException: An element could not be located on the page using the given search parameters. (WARNING: The server did not provide any stacktrace information)
Command duration or timeout: 286 milliseconds
For documentation on this error, please visit: http://seleniumhq.org/exceptions/no_such_element.html
Build info: version: '2.43.0', revision: 'accb3003b9fb8f7cae30f9669b4c594a065396a6', time: '2014-09-09 22:22:51'
System info: host: 'Nishants-MacBook-Pro.local', ip: '192.168.1.8', os.name: 'Mac OS X', os.arch: 'x86_64', os.version: '10.10', java.version: '1.6.0_65'
Session ID: 7954892a-4a69-4b5b-bb4b-63534f395e37
Driver info: org.openqa.selenium.remote.RemoteWebDriver
Capabilities [{platform=LINUX, app=/Users/nishant/Development/AppiumDemo/apps/Flipkart.3.0.apk, javascriptEnabled=true, browserName=Android, networkConnectionEnabled=true, desired={app=/Users/nishant/Development/AppiumDemo/apps/Flipkart.3.0.apk, deviceName=Android, platformName=Android, device=Android}, locationContextEnabled=false, platformVersion=4.1, databaseEnabled=false, platformName=Android, deviceName=Android, webStorageEnabled=false, device=Android, warnings={}, takesScreenshot=true}]
	at sun.reflect.NativeConstructorAccessorImpl.newInstance0(Native Method)
	at sun.reflect.NativeConstructorAccessorImpl.newInstance(NativeConstructorAccessorImpl.java:39)
	at sun.reflect.DelegatingConstructorAccessorImpl.newInstance(DelegatingConstructorAccessorImpl.java:27)
	at java.lang.reflect.Constructor.newInstance(Constructor.java:513)
	at org.openqa.selenium.remote.ErrorHandler.createThrowable(ErrorHandler.java:204)
	at org.openqa.selenium.remote.ErrorHandler.throwIfResponseFailed(ErrorHandler.java:156)
	at org.openqa.selenium.remote.RemoteWebDriver.execute(RemoteWebDriver.java:599)
	at org.openqa.selenium.remote.RemoteWebDriver.findElement(RemoteWebDriver.java:352)
	at org.openqa.selenium.remote.RemoteWebDriver.findElementByName(RemoteWebDriver.java:425)
	at org.openqa.selenium.By$ByName.findElement(By.java:299)
	at org.openqa.selenium.remote.RemoteWebDriver.findElement(RemoteWebDriver.java:344)
	at pages.LandingPage.skipLogInScreen(LandingPage.java:33)
	at pages.LandingPage.scrollPageUpAndClickOnRefrigerator(LandingPage.java:40)
	at scenarios.AppiumTest.testScrollUponHomePageAndTapAction(AppiumTest.java:55)
	at sun.reflect.NativeMethodAccessorImpl.invoke0(Native Method)
	at sun.reflect.NativeMethodAccessorImpl.invoke(NativeMethodAccessorImpl.java:39)
	at sun.reflect.DelegatingMethodAccessorImpl.invoke(DelegatingMethodAccessorImpl.java:25)
	at java.lang.reflect.Method.invoke(Method.java:597)
	at org.testng.internal.MethodInvocationHelper.invokeMethod(MethodInvocationHelper.java:80)
	at org.testng.internal.Invoker.invokeMethod(Invoker.java:673)
	at org.testng.internal.Invoker.invokeTestMethod(Invoker.java:842)
	at org.testng.internal.Invoker.invokeTestMethods(Invoker.java:1166)
	at org.testng.internal.TestMethodWorker.invokeTestMethods(TestMethodWorker.java:125)
	at org.testng.internal.TestMethodWorker.run(TestMethodWorker.java:109)
	at org.testng.TestRunner.runWorkers(TestRunner.java:1178)
	at org.testng.TestRunner.privateRun(TestRunner.java:757)
	at org.testng.TestRunner.run(TestRunner.java:608)
	at org.testng.SuiteRunner.runTest(SuiteRunner.java:334)
	at org.testng.SuiteRunner.runSequentially(SuiteRunner.java:329)
	at org.testng.SuiteRunner.privateRun(SuiteRunner.java:291)
	at org.testng.SuiteRunner.run(SuiteRunner.java:240)
	at org.testng.SuiteRunnerWorker.runSuite(SuiteRunnerWorker.java:52)
	at org.testng.SuiteRunnerWorker.run(SuiteRunnerWorker.java:86)
	at org.testng.TestNG.runSuitesSequentially(TestNG.java:1158)
	at org.testng.TestNG.runSuitesLocally(TestNG.java:1083)
	at org.testng.TestNG.run(TestNG.java:999)
	at org.apache.maven.surefire.testng.TestNGExecutor.run(TestNGExecutor.java:77)
	at org.apache.maven.surefire.testng.TestNGDirectoryTestSuite.executeMulti(TestNGDirectoryTestSuite.java:159)
	at org.apache.maven.surefire.testng.TestNGDirectoryTestSuite.execute(TestNGDirectoryTestSuite.java:99)
	at org.apache.maven.surefire.testng.TestNGProvider.invoke(TestNGProvider.java:106)
	at sun.reflect.NativeMethodAccessorImpl.invoke0(Native Method)
	at sun.reflect.NativeMethodAccessorImpl.invoke(NativeMethodAccessorImpl.java:39)
	at sun.reflect.DelegatingMethodAccessorImpl.invoke(DelegatingMethodAccessorImpl.java:25)
	at java.lang.reflect.Method.invoke(Method.java:597)
	at org.apache.maven.surefire.util.ReflectionUtils.invokeMethodWithArray(ReflectionUtils.java:189)
	at org.apache.maven.surefire.booter.ProviderFactory$ProviderProxy.invoke(ProviderFactory.java:165)
	at org.apache.maven.surefire.booter.ProviderFactory.invokeProvider(ProviderFactory.java:85)
	at org.apache.maven.surefire.booter.ForkedBooter.runSuitesInProcess(ForkedBooter.java:115)
	at org.apache.maven.surefire.booter.ForkedBooter.main(ForkedBooter.java:75)
]]>
            </full-stacktrace>
          </exception>
        </test-method>
        <test-method status="PASS" signature="tearDown()" name="tearDown" is-config="true" duration-ms="1006" started-at="2014-10-28T18:11:06Z" finished-at="2014-10-28T18:11:07Z">
        </test-method>
        <test-method status="PASS" signature="setUp()" name="setUp" is-config="true" duration-ms="15137" started-at="2014-10-28T18:11:07Z" finished-at="2014-10-28T18:11:22Z">
        </test-method>
        <test-method status="PASS" signature="testSwipeOnHomePage()" name="testSwipeOnHomePage" duration-ms="17416" started-at="2014-10-28T18:11:22Z" finished-at="2014-10-28T18:11:40Z">
        </test-method>
        <test-method status="PASS" signature="tearDown()" name="tearDown" is-config="true" duration-ms="959" started-at="2014-10-28T18:11:40Z" finished-at="2014-10-28T18:11:41Z">
        </test-method>
      </class>
    </test>
  </suite>
</testng-results>
